2021-11-01 16:43:12 [main] INFO u.l.l.u.UniversityApplication -Starting UniversityApplication using Java 1.8.0_271 on DESKTOP-EC73OSQ with PID 5900 (D:\Zenyk\Java\eclipse-workspace\Java Advanced Project\university\target\classes started by livch in D:\Zenyk\Java\eclipse-workspace\Java Advanced Project\university)
2021-11-01 16:43:12 [main] DEBUG u.l.l.u.UniversityApplication -Running with Spring Boot v2.5.5-SNAPSHOT, Spring v5.3.10
2021-11-01 16:43:12 [main] INFO u.l.l.u.UniversityApplication -No active profile set, falling back to default profiles: default
2021-11-01 16:43:21 [main] INFO o.s.d.r.c.RepositoryConfigurationDelegate -Bootstrapping Spring Data JPA repositories in DEFAULT mode.
2021-11-01 16:43:21 [main] INFO o.s.d.r.c.RepositoryConfigurationDelegate -Finished Spring Data repository scanning in 358 ms. Found 3 JPA repository interfaces.
2021-11-01 16:43:24 [main] INFO o.s.b.w.e.tomcat.TomcatWebServer -Tomcat initialized with port(s): 8080 (http)
2021-11-01 16:43:24 [main] INFO o.a.catalina.core.StandardService -Starting service [Tomcat]
2021-11-01 16:43:24 [main] INFO o.a.catalina.core.StandardEngine -Starting Servlet engine: [Apache Tomcat/9.0.53]
2021-11-01 16:43:25 [main] INFO org.apache.jasper.servlet.TldScanner -At least one JAR was scanned for TLDs yet contained no TLDs. Enable debug logging for this logger for a complete list of JARs that were scanned but no TLDs were found in them. Skipping unneeded JARs during scanning can improve startup time and JSP compilation time.
2021-11-01 16:43:25 [main] INFO o.a.c.c.C.[Tomcat].[localhost].[/] -Initializing Spring embedded WebApplicationContext
2021-11-01 16:43:25 [main] INFO o.s.b.w.s.c.ServletWebServerApplicationContext -Root WebApplicationContext: initialization completed in 12182 ms
2021-11-01 16:43:26 [main] INFO o.h.jpa.internal.util.LogHelper -HHH000204: Processing PersistenceUnitInfo [name: default]
2021-11-01 16:43:27 [main] INFO org.hibernate.Version -HHH000412: Hibernate ORM core version 5.4.32.Final
2021-11-01 16:43:28 [main] INFO o.h.annotations.common.Version -HCANN000001: Hibernate Commons Annotations {5.1.2.Final}
2021-11-01 16:43:29 [main] INFO com.zaxxer.hikari.HikariDataSource -HikariPool-1 - Starting...
2021-11-01 16:43:32 [main] INFO com.zaxxer.hikari.HikariDataSource -HikariPool-1 - Start completed.
2021-11-01 16:43:33 [main] INFO org.hibernate.dialect.Dialect -HHH000400: Using dialect: org.hibernate.dialect.MySQL8Dialect
2021-11-01 16:43:35 [main] INFO o.h.e.t.j.p.i.JtaPlatformInitiator -HHH000490: Using JtaPlatform implementation: [org.hibernate.engine.transaction.jta.platform.internal.NoJtaPlatform]
2021-11-01 16:43:35 [main] INFO o.s.o.j.LocalContainerEntityManagerFactoryBean -Initialized JPA EntityManagerFactory for persistence unit 'default'
2021-11-01 16:43:35 [main] WARN o.s.b.a.o.j.JpaBaseConfiguration$JpaWebConfiguration -spring.jpa.open-in-view is enabled by default. Therefore, database queries may be performed during view rendering. Explicitly configure spring.jpa.open-in-view to disable this warning
2021-11-01 16:43:37 [main] INFO o.s.s.web.DefaultSecurityFilterChain -Will secure any request with [org.springframework.security.web.context.request.async.WebAsyncManagerIntegrationFilter@270f28cf, org.springframework.security.web.context.SecurityContextPersistenceFilter@26a45089, org.springframework.security.web.header.HeaderWriterFilter@3a88f6fb, org.springframework.security.web.csrf.CsrfFilter@68b7bdcb, org.springframework.security.web.authentication.logout.LogoutFilter@1a345298, org.springframework.security.web.authentication.UsernamePasswordAuthenticationFilter@5d27b4c1, org.springframework.security.web.savedrequest.RequestCacheAwareFilter@5ab5924c, org.springframework.security.web.servletapi.SecurityContextHolderAwareRequestFilter@191f4d65, org.springframework.security.web.authentication.AnonymousAuthenticationFilter@2e1add6f, org.springframework.security.web.session.SessionManagementFilter@844e66d, org.springframework.security.web.access.ExceptionTranslationFilter@74d22ddd, org.springframework.security.web.access.intercept.FilterSecurityInterceptor@45bd4753]
2021-11-01 16:43:38 [main] INFO o.s.b.w.e.tomcat.TomcatWebServer -Tomcat started on port(s): 8080 (http) with context path ''
2021-11-01 16:43:38 [main] INFO u.l.l.u.UniversityApplication -Started UniversityApplication in 30.369 seconds (JVM running for 49.321)
2021-11-01 16:44:34 [http-nio-8080-exec-1] INFO o.a.c.c.C.[Tomcat].[localhost].[/] -Initializing Spring DispatcherServlet 'dispatcherServlet'
2021-11-01 16:44:43 [http-nio-8080-exec-8] INFO u.l.l.u.service.FacultyService -Get all faculties
2021-11-01 16:44:55 [http-nio-8080-exec-7] INFO u.l.l.university.service.UserService -Get user by email user@gmail.com
2021-11-01 16:45:20 [http-nio-8080-exec-2] INFO u.l.l.university.service.UserService -Get user by email user@gmail.com
2021-11-01 16:45:20 [http-nio-8080-exec-2] INFO u.l.l.university.service.UserService -Save user User [id=2, email=user@gmail.com, firstName=user, lastName=User, password=$2a$10$5giaHANAoKWQdTMfRsKzte/hIa2Ctsp42UChAzfmrPcUuAMTtAb0C, passwordConfirm=user, role=ROLE_USER, markList=[[UKRAINIAN_LANGUAGE : 9], [MATHEMATICS : 9], [HISTORY : 9], [CHEMISTRY : 9], [PHYSICS : 9], [ENGLISH_LANGUAGE : 9], [GERMAN_LANGUAGE : 9], [BIOLOGY : 9]]]
2021-11-01 16:45:22 [http-nio-8080-exec-3] INFO u.l.l.u.service.FacultyService -Get all faculties
2021-11-01 16:45:26 [http-nio-8080-exec-9] INFO u.l.l.u.service.FacultyService -Get all faculties
2021-11-01 16:45:47 [SpringApplicationShutdownHook] INFO o.s.o.j.LocalContainerEntityManagerFactoryBean -Closing JPA EntityManagerFactory for persistence unit 'default'
2021-11-01 16:45:47 [SpringApplicationShutdownHook] INFO com.zaxxer.hikari.HikariDataSource -HikariPool-1 - Shutdown initiated...
2021-11-01 16:45:47 [SpringApplicationShutdownHook] INFO com.zaxxer.hikari.HikariDataSource -HikariPool-1 - Shutdown completed.
